05-23 14:02 root         INFO     0.00 s, Begin to extract dataset
05-23 14:02 tensorflow   WARNING  From /Users/brucecottman/Documents/PROJECTS/jule/jule/joint_cluster_cnn.py:64: read_data_sets (from tensorflow.contrib.learn.python.learn.datasets.mnist) is deprecated and will be removed in a future version.
Instructions for updating:
Please use alternatives such as official/mnist/dataset.py from tensorflow/models.
05-23 14:02 tensorflow   WARNING  From /Users/brucecottman/anaconda3/envs/paso/lib/python3.7/site-packages/tensorflow/contrib/learn/python/learn/datasets/mnist.py:260: maybe_download (from tensorflow.contrib.learn.python.learn.datasets.base) is deprecated and will be removed in a future version.
Instructions for updating:
Please write your own downloading logic.
05-23 14:02 tensorflow   WARNING  From /Users/brucecottman/anaconda3/envs/paso/lib/python3.7/site-packages/tensorflow/contrib/learn/python/learn/datasets/mnist.py:262: extract_images (from tensorflow.contrib.learn.python.learn.datasets.mnist) is deprecated and will be removed in a future version.
Instructions for updating:
Please use tf.data to implement this functionality.
05-23 14:02 tensorflow   WARNING  From /Users/brucecottman/anaconda3/envs/paso/lib/python3.7/site-packages/tensorflow/contrib/learn/python/learn/datasets/mnist.py:267: extract_labels (from tensorflow.contrib.learn.python.learn.datasets.mnist) is deprecated and will be removed in a future version.
Instructions for updating:
Please use tf.data to implement this functionality.
05-23 14:02 tensorflow   WARNING  From /Users/brucecottman/anaconda3/envs/paso/lib/python3.7/site-packages/tensorflow/contrib/learn/python/learn/datasets/mnist.py:290: DataSet.__init__ (from tensorflow.contrib.learn.python.learn.datasets.mnist) is deprecated and will be removed in a future version.
Instructions for updating:
Please use alternatives such as official/mnist/dataset.py from tensorflow/models.
05-23 14:02 root         INFO     0.36 s, Finished extracting MNIST-test dataset
05-23 14:02 tensorflow   WARNING  From /Users/brucecottman/anaconda3/envs/paso/lib/python3.7/site-packages/tensorflow/python/framework/op_def_library.py:263: colocate_with (from tensorflow.python.framework.ops) is deprecated and will be removed in a future version.
Instructions for updating:
Colocations handled automatically by placer.
05-23 14:02 root         INFO     0.38 s, Begin to fit neighbour graph
05-23 14:02 root         INFO     0.38 s, Finished fitting, begin to calculate Dis
05-23 14:02 root         INFO     0.49 s, Finished the calculation of Dis
05-23 14:02 root         INFO     0.49 s, Nc is 3...
05-23 14:06 root         INFO     0.00 s, Begin to extract dataset
05-23 14:17 root         INFO     0.00 s, Begin to extract dataset
05-23 14:17 root         INFO     0.00 s, Finished extracting UMist dataset
05-23 14:17 root         INFO     0.07 s, Begin to fit neighbour graph
05-23 14:17 root         INFO     0.17 s, Finished fitting, begin to calculate Dis
05-23 14:17 root         INFO     0.60 s, Finished the calculation of Dis
05-23 14:17 root         INFO     0.60 s, Nc is 1...
05-23 14:17 root         INFO     0.61 s, AC: 1.000000, NMI: inf
05-23 14:17 tensorflow   WARNING  From /Users/brucecottman/anaconda3/envs/paso/lib/python3.7/site-packages/tensorflow/contrib/layers/python/layers/layers.py:1624: flatten (from tensorflow.python.layers.core) is deprecated and will be removed in a future version.
Instructions for updating:
Use keras.layers.flatten instead.
05-23 14:17 tensorflow   WARNING  From /Users/brucecottman/Documents/PROJECTS/jule/jule/joint_cluster_cnn.py:491: py_func (from tensorflow.python.ops.script_ops) is deprecated and will be removed in a future version.
Instructions for updating:
tf.py_func is deprecated in TF V2. Instead, use
    tf.py_function, which takes a python function which manipulates tf eager
    tensors instead of numpy arrays. It's easy to convert a tf eager tensor to
    an ndarray (just call tensor.numpy()) but having access to eager tensors
    means `tf.py_function`s can use accelerators such as GPUs as well as
    being differentiable using a gradient tape.
    
05-23 14:17 tensorflow   WARNING  From /Users/brucecottman/anaconda3/envs/paso/lib/python3.7/site-packages/tensorflow/python/ops/math_ops.py:3066: to_int32 (from tensorflow.python.ops.math_ops) is deprecated and will be removed in a future version.
Instructions for updating:
Use tf.cast instead.
05-23 14:17 tensorflow   WARNING  From /Users/brucecottman/anaconda3/envs/paso/lib/python3.7/site-packages/tensorflow/python/util/tf_should_use.py:193: initialize_all_variables (from tensorflow.python.ops.variables) is deprecated and will be removed after 2017-03-02.
Instructions for updating:
Use `tf.global_variables_initializer` instead.
05-23 14:17 root         INFO     1.22 s, Period: 0, epoch: 0, training...
05-23 14:18 root         INFO     4.44 s, Period: 0, epoch: 0, batch: 0, leaning rate: 0.010000, triplet loss: 0.200000
05-23 14:18 root         INFO     7.58 s, Period: 0, epoch: 0, batch: 1, leaning rate: 0.009999, triplet loss: 0.200000
05-23 14:18 root         INFO     10.76 s, Period: 0, epoch: 0, batch: 2, leaning rate: 0.009999, triplet loss: 0.200000
05-23 14:18 root         INFO     13.85 s, Period: 0, epoch: 0, batch: 3, leaning rate: 0.009998, triplet loss: 0.200000
05-23 14:18 root         INFO     16.98 s, Period: 0, epoch: 0, batch: 4, leaning rate: 0.009997, triplet loss: 0.200000
05-23 14:18 root         INFO     19.62 s, Period: 0, epoch: 0, batch: 5, leaning rate: 0.009996, triplet loss: 0.200000
05-23 14:18 root         INFO     19.62 s, Period: 0, epoch: 1, training...
05-23 14:18 root         INFO     22.86 s, Period: 0, epoch: 1, batch: 0, leaning rate: 0.009996, triplet loss: 0.200000
05-23 14:18 root         INFO     25.98 s, Period: 0, epoch: 1, batch: 1, leaning rate: 0.009995, triplet loss: 0.200000
05-23 14:18 root         INFO     29.10 s, Period: 0, epoch: 1, batch: 2, leaning rate: 0.009994, triplet loss: 0.200000
05-23 14:18 root         INFO     32.27 s, Period: 0, epoch: 1, batch: 3, leaning rate: 0.009993, triplet loss: 0.200000
05-23 14:18 root         INFO     35.39 s, Period: 0, epoch: 1, batch: 4, leaning rate: 0.009993, triplet loss: 0.200000
05-23 14:18 root         INFO     38.05 s, Period: 0, epoch: 1, batch: 5, leaning rate: 0.009992, triplet loss: 0.200000
05-23 14:18 root         INFO     38.05 s, Period: 0, epoch: 2, training...
05-23 14:18 root         INFO     41.16 s, Period: 0, epoch: 2, batch: 0, leaning rate: 0.009991, triplet loss: 0.200000
05-23 14:18 root         INFO     44.34 s, Period: 0, epoch: 2, batch: 1, leaning rate: 0.009990, triplet loss: 0.200000
05-23 14:18 root         INFO     47.52 s, Period: 0, epoch: 2, batch: 2, leaning rate: 0.009990, triplet loss: 0.200000
05-23 14:18 root         INFO     50.65 s, Period: 0, epoch: 2, batch: 3, leaning rate: 0.009989, triplet loss: 0.200000
05-23 14:18 root         INFO     53.76 s, Period: 0, epoch: 2, batch: 4, leaning rate: 0.009988, triplet loss: 0.200000
05-23 14:18 root         INFO     56.44 s, Period: 0, epoch: 2, batch: 5, leaning rate: 0.009987, triplet loss: 0.200000
05-23 14:18 root         INFO     56.45 s, Period: 0, epoch: 3, training...
05-23 14:18 root         INFO     59.59 s, Period: 0, epoch: 3, batch: 0, leaning rate: 0.009987, triplet loss: 0.200000
05-23 14:18 root         INFO     62.70 s, Period: 0, epoch: 3, batch: 1, leaning rate: 0.009986, triplet loss: 0.200000
05-23 14:19 root         INFO     65.86 s, Period: 0, epoch: 3, batch: 2, leaning rate: 0.009985, triplet loss: 0.200000
05-23 14:19 root         INFO     68.96 s, Period: 0, epoch: 3, batch: 3, leaning rate: 0.009984, triplet loss: 0.200000
05-23 14:19 root         INFO     72.19 s, Period: 0, epoch: 3, batch: 4, leaning rate: 0.009984, triplet loss: 0.200000
05-23 14:19 root         INFO     74.89 s, Period: 0, epoch: 3, batch: 5, leaning rate: 0.009983, triplet loss: 0.200000
05-23 14:19 root         INFO     74.89 s, Period: 0, epoch: 4, training...
05-23 14:19 root         INFO     78.01 s, Period: 0, epoch: 4, batch: 0, leaning rate: 0.009982, triplet loss: 0.200000
05-23 14:19 root         INFO     81.19 s, Period: 0, epoch: 4, batch: 1, leaning rate: 0.009981, triplet loss: 0.200000
05-23 14:19 root         INFO     84.37 s, Period: 0, epoch: 4, batch: 2, leaning rate: 0.009981, triplet loss: 0.200000
05-23 14:19 root         INFO     87.52 s, Period: 0, epoch: 4, batch: 3, leaning rate: 0.009980, triplet loss: 0.200000
05-23 14:19 root         INFO     90.65 s, Period: 0, epoch: 4, batch: 4, leaning rate: 0.009979, triplet loss: 0.200000
05-23 14:19 root         INFO     93.53 s, Period: 0, epoch: 4, batch: 5, leaning rate: 0.009978, triplet loss: 0.200000
05-23 14:19 root         INFO     93.53 s, Period: 0, epoch: 5, training...
05-23 14:19 root         INFO     96.75 s, Period: 0, epoch: 5, batch: 0, leaning rate: 0.009978, triplet loss: 0.200000
05-23 14:19 root         INFO     99.89 s, Period: 0, epoch: 5, batch: 1, leaning rate: 0.009977, triplet loss: 0.200000
05-23 14:19 root         INFO     103.10 s, Period: 0, epoch: 5, batch: 2, leaning rate: 0.009976, triplet loss: 0.200000
05-23 14:19 root         INFO     106.28 s, Period: 0, epoch: 5, batch: 3, leaning rate: 0.009975, triplet loss: 0.200000
05-23 14:19 root         INFO     109.50 s, Period: 0, epoch: 5, batch: 4, leaning rate: 0.009975, triplet loss: 0.200000
05-23 14:19 root         INFO     112.19 s, Period: 0, epoch: 5, batch: 5, leaning rate: 0.009974, triplet loss: 0.200000
05-23 14:19 root         INFO     112.19 s, Period: 0, epoch: 6, training...
05-23 14:19 root         INFO     115.37 s, Period: 0, epoch: 6, batch: 0, leaning rate: 0.009973, triplet loss: 0.200000
05-23 14:19 root         INFO     118.56 s, Period: 0, epoch: 6, batch: 1, leaning rate: 0.009972, triplet loss: 0.200000
05-23 14:19 root         INFO     121.71 s, Period: 0, epoch: 6, batch: 2, leaning rate: 0.009972, triplet loss: 0.200000
05-23 14:20 root         INFO     124.90 s, Period: 0, epoch: 6, batch: 3, leaning rate: 0.009971, triplet loss: 0.200000
05-23 14:20 root         INFO     128.08 s, Period: 0, epoch: 6, batch: 4, leaning rate: 0.009970, triplet loss: 0.200000
05-23 14:20 root         INFO     130.76 s, Period: 0, epoch: 6, batch: 5, leaning rate: 0.009969, triplet loss: 0.200000
05-23 14:20 root         INFO     130.76 s, Period: 0, epoch: 7, training...
05-23 14:20 root         INFO     134.09 s, Period: 0, epoch: 7, batch: 0, leaning rate: 0.009969, triplet loss: 0.200000
05-23 14:20 root         INFO     137.28 s, Period: 0, epoch: 7, batch: 1, leaning rate: 0.009968, triplet loss: 0.200000
05-23 14:20 root         INFO     140.43 s, Period: 0, epoch: 7, batch: 2, leaning rate: 0.009967, triplet loss: 0.200000
05-23 14:20 root         INFO     143.58 s, Period: 0, epoch: 7, batch: 3, leaning rate: 0.009966, triplet loss: 0.200000
05-23 14:20 root         INFO     146.73 s, Period: 0, epoch: 7, batch: 4, leaning rate: 0.009966, triplet loss: 0.200000
05-23 14:20 root         INFO     149.40 s, Period: 0, epoch: 7, batch: 5, leaning rate: 0.009965, triplet loss: 0.200000
05-23 14:20 root         INFO     149.40 s, Period: 0, epoch: 8, training...
05-23 14:20 root         INFO     152.52 s, Period: 0, epoch: 8, batch: 0, leaning rate: 0.009964, triplet loss: 0.200000
05-23 14:20 root         INFO     155.70 s, Period: 0, epoch: 8, batch: 1, leaning rate: 0.009963, triplet loss: 0.200000
05-23 14:20 root         INFO     158.84 s, Period: 0, epoch: 8, batch: 2, leaning rate: 0.009963, triplet loss: 0.200000
05-23 14:20 root         INFO     162.02 s, Period: 0, epoch: 8, batch: 3, leaning rate: 0.009962, triplet loss: 0.200000
05-23 14:20 root         INFO     165.17 s, Period: 0, epoch: 8, batch: 4, leaning rate: 0.009961, triplet loss: 0.200000
05-23 14:20 root         INFO     167.85 s, Period: 0, epoch: 8, batch: 5, leaning rate: 0.009960, triplet loss: 0.200000
05-23 14:20 root         INFO     167.85 s, Period: 0, epoch: 9, training...
05-23 14:20 root         INFO     171.08 s, Period: 0, epoch: 9, batch: 0, leaning rate: 0.009960, triplet loss: 0.200000
05-23 14:20 root         INFO     174.23 s, Period: 0, epoch: 9, batch: 1, leaning rate: 0.009959, triplet loss: 0.200000
05-23 14:20 root         INFO     177.51 s, Period: 0, epoch: 9, batch: 2, leaning rate: 0.009958, triplet loss: 0.200000
05-23 14:20 root         INFO     180.77 s, Period: 0, epoch: 9, batch: 3, leaning rate: 0.009957, triplet loss: 0.200000
05-23 14:21 root         INFO     184.01 s, Period: 0, epoch: 9, batch: 4, leaning rate: 0.009957, triplet loss: 0.200000
05-23 14:21 root         INFO     186.80 s, Period: 0, epoch: 9, batch: 5, leaning rate: 0.009956, triplet loss: 0.200000
05-23 14:21 root         INFO     186.81 s, Period: 0, epoch: 10, training...
05-23 14:21 root         INFO     189.97 s, Period: 0, epoch: 10, batch: 0, leaning rate: 0.009955, triplet loss: 0.200000
05-23 14:21 root         INFO     193.22 s, Period: 0, epoch: 10, batch: 1, leaning rate: 0.009954, triplet loss: 0.200000
05-23 14:21 root         INFO     196.47 s, Period: 0, epoch: 10, batch: 2, leaning rate: 0.009954, triplet loss: 0.200000
05-23 14:21 root         INFO     199.68 s, Period: 0, epoch: 10, batch: 3, leaning rate: 0.009953, triplet loss: 0.200000
05-23 14:21 root         INFO     202.84 s, Period: 0, epoch: 10, batch: 4, leaning rate: 0.009952, triplet loss: 0.200000
05-23 14:21 root         INFO     205.61 s, Period: 0, epoch: 10, batch: 5, leaning rate: 0.009952, triplet loss: 0.200000
05-23 14:21 root         INFO     205.61 s, Period: 0, epoch: 11, training...
05-23 14:21 root         INFO     208.80 s, Period: 0, epoch: 11, batch: 0, leaning rate: 0.009951, triplet loss: 0.200000
05-23 14:21 root         INFO     212.00 s, Period: 0, epoch: 11, batch: 1, leaning rate: 0.009950, triplet loss: 0.200000
05-23 14:21 root         INFO     215.14 s, Period: 0, epoch: 11, batch: 2, leaning rate: 0.009949, triplet loss: 0.200000
05-23 14:21 root         INFO     218.29 s, Period: 0, epoch: 11, batch: 3, leaning rate: 0.009949, triplet loss: 0.200000
05-23 14:21 root         INFO     221.48 s, Period: 0, epoch: 11, batch: 4, leaning rate: 0.009948, triplet loss: 0.200000
05-23 14:21 root         INFO     224.25 s, Period: 0, epoch: 11, batch: 5, leaning rate: 0.009947, triplet loss: 0.200000
05-23 14:21 root         INFO     224.25 s, Period: 0, epoch: 12, training...
05-23 14:21 root         INFO     227.45 s, Period: 0, epoch: 12, batch: 0, leaning rate: 0.009946, triplet loss: 0.200000
05-23 14:21 root         INFO     230.60 s, Period: 0, epoch: 12, batch: 1, leaning rate: 0.009946, triplet loss: 0.200000
05-23 14:21 root         INFO     233.77 s, Period: 0, epoch: 12, batch: 2, leaning rate: 0.009945, triplet loss: 0.200000
05-23 14:21 root         INFO     236.91 s, Period: 0, epoch: 12, batch: 3, leaning rate: 0.009944, triplet loss: 0.200000
05-23 14:21 root         INFO     240.08 s, Period: 0, epoch: 12, batch: 4, leaning rate: 0.009943, triplet loss: 0.200000
05-23 14:22 root         INFO     242.75 s, Period: 0, epoch: 12, batch: 5, leaning rate: 0.009943, triplet loss: 0.200000
05-23 14:22 root         INFO     242.75 s, Period: 0, epoch: 13, training...
05-23 14:22 root         INFO     245.92 s, Period: 0, epoch: 13, batch: 0, leaning rate: 0.009942, triplet loss: 0.200000
05-23 14:22 root         INFO     249.10 s, Period: 0, epoch: 13, batch: 1, leaning rate: 0.009941, triplet loss: 0.200000
05-23 14:22 root         INFO     252.26 s, Period: 0, epoch: 13, batch: 2, leaning rate: 0.009940, triplet loss: 0.200000
05-23 14:22 root         INFO     255.41 s, Period: 0, epoch: 13, batch: 3, leaning rate: 0.009940, triplet loss: 0.200000
05-23 14:22 root         INFO     258.63 s, Period: 0, epoch: 13, batch: 4, leaning rate: 0.009939, triplet loss: 0.200000
05-23 14:22 root         INFO     261.33 s, Period: 0, epoch: 13, batch: 5, leaning rate: 0.009938, triplet loss: 0.200000
05-23 14:22 root         INFO     261.33 s, Period: 0, epoch: 14, training...
05-23 14:22 root         INFO     264.48 s, Period: 0, epoch: 14, batch: 0, leaning rate: 0.009937, triplet loss: 0.200000
05-23 14:22 root         INFO     267.67 s, Period: 0, epoch: 14, batch: 1, leaning rate: 0.009937, triplet loss: 0.200000
05-23 14:22 root         INFO     270.84 s, Period: 0, epoch: 14, batch: 2, leaning rate: 0.009936, triplet loss: 0.200000
05-23 14:22 root         INFO     274.04 s, Period: 0, epoch: 14, batch: 3, leaning rate: 0.009935, triplet loss: 0.200000
05-23 14:22 root         INFO     277.22 s, Period: 0, epoch: 14, batch: 4, leaning rate: 0.009935, triplet loss: 0.200000
05-23 14:22 root         INFO     279.91 s, Period: 0, epoch: 14, batch: 5, leaning rate: 0.009934, triplet loss: 0.200000
05-23 14:22 root         INFO     279.91 s, Period: 0, epoch: 15, training...
05-23 14:22 root         INFO     283.07 s, Period: 0, epoch: 15, batch: 0, leaning rate: 0.009933, triplet loss: 0.200000
05-23 14:22 root         INFO     286.27 s, Period: 0, epoch: 15, batch: 1, leaning rate: 0.009932, triplet loss: 0.200000
05-23 14:22 root         INFO     289.45 s, Period: 0, epoch: 15, batch: 2, leaning rate: 0.009932, triplet loss: 0.200000
05-23 14:22 root         INFO     292.66 s, Period: 0, epoch: 15, batch: 3, leaning rate: 0.009931, triplet loss: 0.200000
05-23 14:22 root         INFO     295.85 s, Period: 0, epoch: 15, batch: 4, leaning rate: 0.009930, triplet loss: 0.200000
05-23 14:22 root         INFO     298.56 s, Period: 0, epoch: 15, batch: 5, leaning rate: 0.009929, triplet loss: 0.200000
05-23 14:22 root         INFO     298.56 s, Period: 0, epoch: 16, training...
05-23 14:22 root         INFO     301.77 s, Period: 0, epoch: 16, batch: 0, leaning rate: 0.009929, triplet loss: 0.200000
05-23 14:23 root         INFO     304.96 s, Period: 0, epoch: 16, batch: 1, leaning rate: 0.009928, triplet loss: 0.200000
05-23 14:23 root         INFO     308.12 s, Period: 0, epoch: 16, batch: 2, leaning rate: 0.009927, triplet loss: 0.200000
05-23 14:23 root         INFO     311.33 s, Period: 0, epoch: 16, batch: 3, leaning rate: 0.009926, triplet loss: 0.200000
05-23 14:23 root         INFO     314.54 s, Period: 0, epoch: 16, batch: 4, leaning rate: 0.009926, triplet loss: 0.200000
05-23 14:23 root         INFO     317.27 s, Period: 0, epoch: 16, batch: 5, leaning rate: 0.009925, triplet loss: 0.200000
05-23 14:23 root         INFO     317.28 s, Period: 0, epoch: 17, training...
05-23 14:23 root         INFO     320.48 s, Period: 0, epoch: 17, batch: 0, leaning rate: 0.009924, triplet loss: 0.200000
05-23 14:23 root         INFO     323.69 s, Period: 0, epoch: 17, batch: 1, leaning rate: 0.009923, triplet loss: 0.200000
05-23 14:23 root         INFO     326.87 s, Period: 0, epoch: 17, batch: 2, leaning rate: 0.009923, triplet loss: 0.200000
05-23 14:23 root         INFO     330.14 s, Period: 0, epoch: 17, batch: 3, leaning rate: 0.009922, triplet loss: 0.200000
05-23 14:23 root         INFO     333.31 s, Period: 0, epoch: 17, batch: 4, leaning rate: 0.009921, triplet loss: 0.200000
05-23 14:23 root         INFO     336.00 s, Period: 0, epoch: 17, batch: 5, leaning rate: 0.009920, triplet loss: 0.200000
05-23 14:23 root         INFO     336.00 s, Period: 0, epoch: 18, training...
05-23 14:23 root         INFO     339.19 s, Period: 0, epoch: 18, batch: 0, leaning rate: 0.009920, triplet loss: 0.200000
05-23 14:23 root         INFO     342.42 s, Period: 0, epoch: 18, batch: 1, leaning rate: 0.009919, triplet loss: 0.200000
05-23 14:23 root         INFO     345.62 s, Period: 0, epoch: 18, batch: 2, leaning rate: 0.009918, triplet loss: 0.200000
05-23 14:23 root         INFO     348.84 s, Period: 0, epoch: 18, batch: 3, leaning rate: 0.009918, triplet loss: 0.200000
05-23 14:23 root         INFO     352.07 s, Period: 0, epoch: 18, batch: 4, leaning rate: 0.009917, triplet loss: 0.200000
05-23 14:23 root         INFO     354.78 s, Period: 0, epoch: 18, batch: 5, leaning rate: 0.009916, triplet loss: 0.200000
05-23 14:23 root         INFO     354.78 s, Period: 0, epoch: 19, training...
05-23 14:23 root         INFO     357.99 s, Period: 0, epoch: 19, batch: 0, leaning rate: 0.009915, triplet loss: 0.200000
05-23 14:23 root         INFO     361.16 s, Period: 0, epoch: 19, batch: 1, leaning rate: 0.009915, triplet loss: 0.200000
05-23 14:24 root         INFO     364.38 s, Period: 0, epoch: 19, batch: 2, leaning rate: 0.009914, triplet loss: 0.200000
05-23 14:24 root         INFO     367.61 s, Period: 0, epoch: 19, batch: 3, leaning rate: 0.009913, triplet loss: 0.200000
05-23 14:24 root         INFO     370.75 s, Period: 0, epoch: 19, batch: 4, leaning rate: 0.009912, triplet loss: 0.200000
05-23 14:24 root         INFO     373.47 s, Period: 0, epoch: 19, batch: 5, leaning rate: 0.009912, triplet loss: 0.200000
05-23 14:24 root         INFO     373.47 s, Period: 0, finished cnn training
05-23 14:24 root         INFO     374.25 s, Period: 0, epoch: 19, batch: 0, feature extracting...
05-23 14:24 root         INFO     375.06 s, Period: 0, epoch: 19, batch: 1, feature extracting...
05-23 14:24 root         INFO     375.88 s, Period: 0, epoch: 19, batch: 2, feature extracting...
05-23 14:24 root         INFO     376.65 s, Period: 0, epoch: 19, batch: 3, feature extracting...
05-23 14:24 root         INFO     377.42 s, Period: 0, epoch: 19, batch: 4, feature extracting...
05-23 14:24 root         INFO     378.14 s, Period: 0, epoch: 19, batch: 5, feature extracting...
05-23 14:24 root         INFO     378.14 s, Period: 0, finished extraction of feature
05-23 14:24 root         INFO     378.14 s, Begin to fit neighbour graph
05-23 14:24 root         INFO     378.14 s, Finished fitting, begin to calculate Dis
05-23 14:24 root         INFO     378.26 s, Finished the calculation of Dis
05-23 14:24 root         INFO     378.27 s, Finished the calculation of W, sigma:0.000000
05-23 14:24 root         INFO     378.27 s, Calculating A..., i: 0
05-23 14:24 root         INFO     378.27 s, Calculation of A based on clusters is completed
05-23 14:24 root         INFO     379.92 s, AC: 0.001739, NMI: -inf
05-23 14:24 root         INFO     379.94 s, deep representations saved
05-23 14:24 root         INFO     379.94 s, begin to re-run clustering
05-23 14:24 root         INFO     379.95 s, Begin to fit neighbour graph
05-23 14:24 root         INFO     379.95 s, Finished fitting, begin to calculate Dis
05-23 14:24 root         INFO     380.06 s, Finished the calculation of Dis
05-23 14:24 root         INFO     380.07 s, Nc is 1...
05-23 14:24 root         INFO     380.08 s, AC: 1.000000, NMI: inf
05-23 14:24 root         INFO     380.08 s, Finished the calculation of W, sigma:0.000000
05-23 14:24 root         INFO     380.09 s, Calculating A..., i: 0
05-23 14:24 root         INFO     380.09 s, Calculation of A based on clusters is completed
05-23 14:24 root         INFO     381.72 s, AC: 0.001739, NMI: -inf
05-23 14:36 root         INFO     0.00 s, Begin to extract dataset
05-23 14:36 root         INFO     0.01 s, Finished extracting UMist dataset
05-23 14:36 root         INFO     0.08 s, Begin to fit neighbour graph
05-23 14:36 root         INFO     0.19 s, Finished fitting, begin to calculate Dis
05-23 14:36 root         INFO     0.62 s, Finished the calculation of Dis
05-23 14:36 root         INFO     0.62 s, Nc is 1...
05-23 14:36 root         INFO     0.63 s, AC: 1.000000, NMI: inf
05-23 14:36 root         INFO     1.20 s, Period: 0, epoch: 0, training...
05-23 14:37 root         INFO     4.45 s, Period: 0, epoch: 0, batch: 0, leaning rate: 0.010000, triplet loss: 0.200000
05-23 14:37 root         INFO     7.68 s, Period: 0, epoch: 0, batch: 1, leaning rate: 0.009999, triplet loss: 0.200000
05-23 14:37 root         INFO     10.82 s, Period: 0, epoch: 0, batch: 2, leaning rate: 0.009999, triplet loss: 0.200000
05-23 14:37 root         INFO     13.98 s, Period: 0, epoch: 0, batch: 3, leaning rate: 0.009998, triplet loss: 0.200000
05-23 14:37 root         INFO     17.14 s, Period: 0, epoch: 0, batch: 4, leaning rate: 0.009997, triplet loss: 0.200000
05-23 14:37 root         INFO     19.86 s, Period: 0, epoch: 0, batch: 5, leaning rate: 0.009996, triplet loss: 0.200000
05-23 14:37 root         INFO     19.86 s, Period: 0, epoch: 1, training...
05-23 14:37 root         INFO     23.02 s, Period: 0, epoch: 1, batch: 0, leaning rate: 0.009996, triplet loss: 0.200000
05-23 14:37 root         INFO     26.21 s, Period: 0, epoch: 1, batch: 1, leaning rate: 0.009995, triplet loss: 0.200000
05-23 14:37 root         INFO     29.42 s, Period: 0, epoch: 1, batch: 2, leaning rate: 0.009994, triplet loss: 0.200000
05-23 14:37 root         INFO     32.64 s, Period: 0, epoch: 1, batch: 3, leaning rate: 0.009993, triplet loss: 0.200000
05-23 14:37 root         INFO     35.82 s, Period: 0, epoch: 1, batch: 4, leaning rate: 0.009993, triplet loss: 0.200000
05-23 14:37 root         INFO     38.50 s, Period: 0, epoch: 1, batch: 5, leaning rate: 0.009992, triplet loss: 0.200000
05-23 14:37 root         INFO     38.51 s, Period: 0, epoch: 2, training...
05-23 14:37 root         INFO     41.67 s, Period: 0, epoch: 2, batch: 0, leaning rate: 0.009991, triplet loss: 0.200000
05-23 14:37 root         INFO     44.87 s, Period: 0, epoch: 2, batch: 1, leaning rate: 0.009990, triplet loss: 0.200000
05-23 14:37 root         INFO     48.09 s, Period: 0, epoch: 2, batch: 2, leaning rate: 0.009990, triplet loss: 0.200000
05-23 14:37 root         INFO     51.32 s, Period: 0, epoch: 2, batch: 3, leaning rate: 0.009989, triplet loss: 0.200000
05-23 14:37 root         INFO     54.48 s, Period: 0, epoch: 2, batch: 4, leaning rate: 0.009988, triplet loss: 0.200000
05-23 14:37 root         INFO     57.22 s, Period: 0, epoch: 2, batch: 5, leaning rate: 0.009987, triplet loss: 0.200000
05-23 14:37 root         INFO     57.22 s, Period: 0, epoch: 3, training...
05-23 14:37 root         INFO     60.54 s, Period: 0, epoch: 3, batch: 0, leaning rate: 0.009987, triplet loss: 0.200000
05-23 14:38 root         INFO     63.81 s, Period: 0, epoch: 3, batch: 1, leaning rate: 0.009986, triplet loss: 0.200000
05-23 14:38 root         INFO     67.14 s, Period: 0, epoch: 3, batch: 2, leaning rate: 0.009985, triplet loss: 0.200000
05-23 14:38 root         INFO     70.43 s, Period: 0, epoch: 3, batch: 3, leaning rate: 0.009984, triplet loss: 0.200000
05-23 14:38 root         INFO     73.71 s, Period: 0, epoch: 3, batch: 4, leaning rate: 0.009984, triplet loss: 0.200000
05-23 14:38 root         INFO     76.53 s, Period: 0, epoch: 3, batch: 5, leaning rate: 0.009983, triplet loss: 0.200000
05-23 14:38 root         INFO     76.53 s, Period: 0, epoch: 4, training...
05-23 14:38 root         INFO     79.85 s, Period: 0, epoch: 4, batch: 0, leaning rate: 0.009982, triplet loss: 0.200000
05-23 14:38 root         INFO     83.10 s, Period: 0, epoch: 4, batch: 1, leaning rate: 0.009981, triplet loss: 0.200000
05-23 14:38 root         INFO     86.36 s, Period: 0, epoch: 4, batch: 2, leaning rate: 0.009981, triplet loss: 0.200000
05-23 14:38 root         INFO     89.57 s, Period: 0, epoch: 4, batch: 3, leaning rate: 0.009980, triplet loss: 0.200000
05-23 14:38 root         INFO     92.95 s, Period: 0, epoch: 4, batch: 4, leaning rate: 0.009979, triplet loss: 0.200000
05-23 14:38 root         INFO     95.80 s, Period: 0, epoch: 4, batch: 5, leaning rate: 0.009978, triplet loss: 0.200000
05-23 14:38 root         INFO     95.81 s, Period: 0, epoch: 5, training...
05-23 14:38 root         INFO     99.09 s, Period: 0, epoch: 5, batch: 0, leaning rate: 0.009978, triplet loss: 0.200000
05-23 14:38 root         INFO     102.46 s, Period: 0, epoch: 5, batch: 1, leaning rate: 0.009977, triplet loss: 0.200000
05-23 14:38 root         INFO     105.82 s, Period: 0, epoch: 5, batch: 2, leaning rate: 0.009976, triplet loss: 0.200000
05-23 14:38 root         INFO     109.05 s, Period: 0, epoch: 5, batch: 3, leaning rate: 0.009975, triplet loss: 0.200000
05-23 14:38 root         INFO     112.34 s, Period: 0, epoch: 5, batch: 4, leaning rate: 0.009975, triplet loss: 0.200000
05-23 14:38 root         INFO     115.05 s, Period: 0, epoch: 5, batch: 5, leaning rate: 0.009974, triplet loss: 0.200000
05-23 14:38 root         INFO     115.05 s, Period: 0, epoch: 6, training...
05-23 14:38 root         INFO     118.25 s, Period: 0, epoch: 6, batch: 0, leaning rate: 0.009973, triplet loss: 0.200000
05-23 14:38 root         INFO     121.49 s, Period: 0, epoch: 6, batch: 1, leaning rate: 0.009972, triplet loss: 0.200000
05-23 14:39 root         INFO     124.71 s, Period: 0, epoch: 6, batch: 2, leaning rate: 0.009972, triplet loss: 0.200000
05-23 14:39 root         INFO     127.95 s, Period: 0, epoch: 6, batch: 3, leaning rate: 0.009971, triplet loss: 0.200000
05-23 14:39 root         INFO     131.21 s, Period: 0, epoch: 6, batch: 4, leaning rate: 0.009970, triplet loss: 0.200000
05-23 14:39 root         INFO     133.98 s, Period: 0, epoch: 6, batch: 5, leaning rate: 0.009969, triplet loss: 0.200000
05-23 14:39 root         INFO     133.99 s, Period: 0, epoch: 7, training...
05-23 14:39 root         INFO     137.25 s, Period: 0, epoch: 7, batch: 0, leaning rate: 0.009969, triplet loss: 0.200000
05-23 14:39 root         INFO     140.48 s, Period: 0, epoch: 7, batch: 1, leaning rate: 0.009968, triplet loss: 0.200000
05-23 14:39 root         INFO     143.79 s, Period: 0, epoch: 7, batch: 2, leaning rate: 0.009967, triplet loss: 0.200000
05-23 14:39 root         INFO     147.01 s, Period: 0, epoch: 7, batch: 3, leaning rate: 0.009966, triplet loss: 0.200000
05-23 14:39 root         INFO     150.19 s, Period: 0, epoch: 7, batch: 4, leaning rate: 0.009966, triplet loss: 0.200000
05-23 14:39 root         INFO     152.88 s, Period: 0, epoch: 7, batch: 5, leaning rate: 0.009965, triplet loss: 0.200000
05-23 14:39 root         INFO     152.88 s, Period: 0, epoch: 8, training...
05-23 14:39 root         INFO     156.15 s, Period: 0, epoch: 8, batch: 0, leaning rate: 0.009964, triplet loss: 0.200000
05-23 14:39 root         INFO     159.40 s, Period: 0, epoch: 8, batch: 1, leaning rate: 0.009963, triplet loss: 0.200000
05-23 14:39 root         INFO     162.65 s, Period: 0, epoch: 8, batch: 2, leaning rate: 0.009963, triplet loss: 0.200000
05-23 14:39 root         INFO     165.85 s, Period: 0, epoch: 8, batch: 3, leaning rate: 0.009962, triplet loss: 0.200000
05-23 14:39 root         INFO     169.06 s, Period: 0, epoch: 8, batch: 4, leaning rate: 0.009961, triplet loss: 0.200000
05-23 14:39 root         INFO     171.83 s, Period: 0, epoch: 8, batch: 5, leaning rate: 0.009960, triplet loss: 0.200000
05-23 14:39 root         INFO     171.83 s, Period: 0, epoch: 9, training...
05-23 14:39 root         INFO     175.09 s, Period: 0, epoch: 9, batch: 0, leaning rate: 0.009960, triplet loss: 0.200000
05-23 14:39 root         INFO     178.32 s, Period: 0, epoch: 9, batch: 1, leaning rate: 0.009959, triplet loss: 0.200000
05-23 14:39 root         INFO     181.50 s, Period: 0, epoch: 9, batch: 2, leaning rate: 0.009958, triplet loss: 0.200000
05-23 14:40 root         INFO     184.70 s, Period: 0, epoch: 9, batch: 3, leaning rate: 0.009957, triplet loss: 0.200000
05-23 14:40 root         INFO     187.87 s, Period: 0, epoch: 9, batch: 4, leaning rate: 0.009957, triplet loss: 0.200000
05-23 14:40 root         INFO     190.57 s, Period: 0, epoch: 9, batch: 5, leaning rate: 0.009956, triplet loss: 0.200000
05-23 14:40 root         INFO     190.57 s, Period: 0, epoch: 10, training...
05-23 14:40 root         INFO     193.81 s, Period: 0, epoch: 10, batch: 0, leaning rate: 0.009955, triplet loss: 0.200000
05-23 14:40 root         INFO     197.04 s, Period: 0, epoch: 10, batch: 1, leaning rate: 0.009954, triplet loss: 0.200000
05-23 14:40 root         INFO     200.20 s, Period: 0, epoch: 10, batch: 2, leaning rate: 0.009954, triplet loss: 0.200000
05-23 14:40 root         INFO     203.37 s, Period: 0, epoch: 10, batch: 3, leaning rate: 0.009953, triplet loss: 0.200000
05-23 14:40 root         INFO     206.60 s, Period: 0, epoch: 10, batch: 4, leaning rate: 0.009952, triplet loss: 0.200000
05-23 14:40 root         INFO     209.50 s, Period: 0, epoch: 10, batch: 5, leaning rate: 0.009952, triplet loss: 0.200000
05-23 14:40 root         INFO     209.50 s, Period: 0, epoch: 11, training...
05-23 14:40 root         INFO     212.78 s, Period: 0, epoch: 11, batch: 0, leaning rate: 0.009951, triplet loss: 0.200000
05-23 14:40 root         INFO     216.06 s, Period: 0, epoch: 11, batch: 1, leaning rate: 0.009950, triplet loss: 0.200000
05-23 14:40 root         INFO     219.25 s, Period: 0, epoch: 11, batch: 2, leaning rate: 0.009949, triplet loss: 0.200000
05-23 14:40 root         INFO     222.58 s, Period: 0, epoch: 11, batch: 3, leaning rate: 0.009949, triplet loss: 0.200000
05-23 14:40 root         INFO     225.75 s, Period: 0, epoch: 11, batch: 4, leaning rate: 0.009948, triplet loss: 0.200000
05-23 14:40 root         INFO     228.46 s, Period: 0, epoch: 11, batch: 5, leaning rate: 0.009947, triplet loss: 0.200000
05-23 14:40 root         INFO     228.46 s, Period: 0, epoch: 12, training...
05-23 14:40 root         INFO     231.66 s, Period: 0, epoch: 12, batch: 0, leaning rate: 0.009946, triplet loss: 0.200000
05-23 14:40 root         INFO     234.85 s, Period: 0, epoch: 12, batch: 1, leaning rate: 0.009946, triplet loss: 0.200000
05-23 14:40 root         INFO     238.02 s, Period: 0, epoch: 12, batch: 2, leaning rate: 0.009945, triplet loss: 0.200000
05-23 14:40 root         INFO     241.19 s, Period: 0, epoch: 12, batch: 3, leaning rate: 0.009944, triplet loss: 0.200000
05-23 14:41 root         INFO     244.36 s, Period: 0, epoch: 12, batch: 4, leaning rate: 0.009943, triplet loss: 0.200000
05-23 14:41 root         INFO     247.17 s, Period: 0, epoch: 12, batch: 5, leaning rate: 0.009943, triplet loss: 0.200000
05-23 14:41 root         INFO     247.17 s, Period: 0, epoch: 13, training...
05-23 14:41 root         INFO     250.35 s, Period: 0, epoch: 13, batch: 0, leaning rate: 0.009942, triplet loss: 0.200000
05-23 14:41 root         INFO     253.54 s, Period: 0, epoch: 13, batch: 1, leaning rate: 0.009941, triplet loss: 0.200000
05-23 14:41 root         INFO     256.73 s, Period: 0, epoch: 13, batch: 2, leaning rate: 0.009940, triplet loss: 0.200000
05-23 14:41 root         INFO     259.97 s, Period: 0, epoch: 13, batch: 3, leaning rate: 0.009940, triplet loss: 0.200000
05-23 14:41 root         INFO     263.14 s, Period: 0, epoch: 13, batch: 4, leaning rate: 0.009939, triplet loss: 0.200000
05-23 14:41 root         INFO     265.95 s, Period: 0, epoch: 13, batch: 5, leaning rate: 0.009938, triplet loss: 0.200000
05-23 14:41 root         INFO     265.96 s, Period: 0, epoch: 14, training...
05-23 14:41 root         INFO     269.18 s, Period: 0, epoch: 14, batch: 0, leaning rate: 0.009937, triplet loss: 0.200000
05-23 14:41 root         INFO     272.42 s, Period: 0, epoch: 14, batch: 1, leaning rate: 0.009937, triplet loss: 0.200000
05-23 14:41 root         INFO     275.70 s, Period: 0, epoch: 14, batch: 2, leaning rate: 0.009936, triplet loss: 0.200000
05-23 14:41 root         INFO     278.93 s, Period: 0, epoch: 14, batch: 3, leaning rate: 0.009935, triplet loss: 0.200000
05-23 14:41 root         INFO     282.15 s, Period: 0, epoch: 14, batch: 4, leaning rate: 0.009935, triplet loss: 0.200000
05-23 14:41 root         INFO     284.84 s, Period: 0, epoch: 14, batch: 5, leaning rate: 0.009934, triplet loss: 0.200000
05-23 14:41 root         INFO     284.84 s, Period: 0, epoch: 15, training...
05-23 14:41 root         INFO     288.04 s, Period: 0, epoch: 15, batch: 0, leaning rate: 0.009933, triplet loss: 0.200000
05-23 14:41 root         INFO     291.31 s, Period: 0, epoch: 15, batch: 1, leaning rate: 0.009932, triplet loss: 0.200000
05-23 14:41 root         INFO     294.50 s, Period: 0, epoch: 15, batch: 2, leaning rate: 0.009932, triplet loss: 0.200000
05-23 14:41 root         INFO     297.78 s, Period: 0, epoch: 15, batch: 3, leaning rate: 0.009931, triplet loss: 0.200000
05-23 14:41 root         INFO     300.98 s, Period: 0, epoch: 15, batch: 4, leaning rate: 0.009930, triplet loss: 0.200000
05-23 14:42 root         INFO     303.67 s, Period: 0, epoch: 15, batch: 5, leaning rate: 0.009929, triplet loss: 0.200000
05-23 14:42 root         INFO     303.68 s, Period: 0, epoch: 16, training...
05-23 14:42 root         INFO     306.90 s, Period: 0, epoch: 16, batch: 0, leaning rate: 0.009929, triplet loss: 0.200000
05-23 14:42 root         INFO     310.09 s, Period: 0, epoch: 16, batch: 1, leaning rate: 0.009928, triplet loss: 0.200000
05-23 14:42 root         INFO     313.31 s, Period: 0, epoch: 16, batch: 2, leaning rate: 0.009927, triplet loss: 0.200000
05-23 14:42 root         INFO     316.52 s, Period: 0, epoch: 16, batch: 3, leaning rate: 0.009926, triplet loss: 0.200000
05-23 14:42 root         INFO     319.73 s, Period: 0, epoch: 16, batch: 4, leaning rate: 0.009926, triplet loss: 0.200000
05-23 14:42 root         INFO     322.47 s, Period: 0, epoch: 16, batch: 5, leaning rate: 0.009925, triplet loss: 0.200000
05-23 14:42 root         INFO     322.47 s, Period: 0, epoch: 17, training...
05-23 14:42 root         INFO     325.68 s, Period: 0, epoch: 17, batch: 0, leaning rate: 0.009924, triplet loss: 0.200000
05-23 14:42 root         INFO     328.90 s, Period: 0, epoch: 17, batch: 1, leaning rate: 0.009923, triplet loss: 0.200000
05-23 14:42 root         INFO     332.19 s, Period: 0, epoch: 17, batch: 2, leaning rate: 0.009923, triplet loss: 0.200000
05-23 14:42 root         INFO     335.40 s, Period: 0, epoch: 17, batch: 3, leaning rate: 0.009922, triplet loss: 0.200000
05-23 14:42 root         INFO     338.62 s, Period: 0, epoch: 17, batch: 4, leaning rate: 0.009921, triplet loss: 0.200000
05-23 14:42 root         INFO     341.37 s, Period: 0, epoch: 17, batch: 5, leaning rate: 0.009920, triplet loss: 0.200000
05-23 14:42 root         INFO     341.37 s, Period: 0, epoch: 18, training...
05-23 14:42 root         INFO     344.57 s, Period: 0, epoch: 18, batch: 0, leaning rate: 0.009920, triplet loss: 0.200000
05-23 14:42 root         INFO     347.80 s, Period: 0, epoch: 18, batch: 1, leaning rate: 0.009919, triplet loss: 0.200000
05-23 14:42 root         INFO     351.09 s, Period: 0, epoch: 18, batch: 2, leaning rate: 0.009918, triplet loss: 0.200000
05-23 14:42 root         INFO     354.29 s, Period: 0, epoch: 18, batch: 3, leaning rate: 0.009918, triplet loss: 0.200000
05-23 14:42 root         INFO     357.54 s, Period: 0, epoch: 18, batch: 4, leaning rate: 0.009917, triplet loss: 0.200000
05-23 14:42 root         INFO     360.35 s, Period: 0, epoch: 18, batch: 5, leaning rate: 0.009916, triplet loss: 0.200000
05-23 14:42 root         INFO     360.35 s, Period: 0, epoch: 19, training...
05-23 14:43 root         INFO     363.71 s, Period: 0, epoch: 19, batch: 0, leaning rate: 0.009915, triplet loss: 0.200000
05-23 14:43 root         INFO     366.94 s, Period: 0, epoch: 19, batch: 1, leaning rate: 0.009915, triplet loss: 0.200000
05-23 14:43 root         INFO     370.22 s, Period: 0, epoch: 19, batch: 2, leaning rate: 0.009914, triplet loss: 0.200000
05-23 14:43 root         INFO     373.55 s, Period: 0, epoch: 19, batch: 3, leaning rate: 0.009913, triplet loss: 0.200000
05-23 14:43 root         INFO     376.75 s, Period: 0, epoch: 19, batch: 4, leaning rate: 0.009912, triplet loss: 0.200000
05-23 14:43 root         INFO     379.48 s, Period: 0, epoch: 19, batch: 5, leaning rate: 0.009912, triplet loss: 0.200000
05-23 14:43 root         INFO     379.48 s, Period: 0, finished cnn training
05-23 14:43 root         INFO     380.31 s, Period: 0, epoch: 19, batch: 0, feature extracting...
05-23 14:43 root         INFO     381.17 s, Period: 0, epoch: 19, batch: 1, feature extracting...
05-23 14:43 root         INFO     381.98 s, Period: 0, epoch: 19, batch: 2, feature extracting...
05-23 14:43 root         INFO     382.78 s, Period: 0, epoch: 19, batch: 3, feature extracting...
05-23 14:43 root         INFO     383.59 s, Period: 0, epoch: 19, batch: 4, feature extracting...
05-23 14:43 root         INFO     384.32 s, Period: 0, epoch: 19, batch: 5, feature extracting...
05-23 14:43 root         INFO     384.32 s, Period: 0, finished extraction of feature
05-23 14:43 root         INFO     384.32 s, Begin to fit neighbour graph
05-23 14:43 root         INFO     384.33 s, Finished fitting, begin to calculate Dis
05-23 14:43 root         INFO     384.44 s, Finished the calculation of Dis
05-23 14:43 root         INFO     384.45 s, Finished the calculation of W, sigma:0.000000
05-23 14:43 root         INFO     384.45 s, Calculating A..., i: 0
05-23 14:43 root         INFO     384.46 s, Calculation of A based on clusters is completed
05-23 14:43 root         INFO     386.06 s, AC: 0.001739, NMI: -inf
05-23 14:43 root         INFO     386.08 s, deep representations saved
05-23 14:43 root         INFO     386.08 s, begin to re-run clustering
05-23 14:43 root         INFO     386.09 s, Begin to fit neighbour graph
05-23 14:43 root         INFO     386.09 s, Finished fitting, begin to calculate Dis
05-23 14:43 root         INFO     386.21 s, Finished the calculation of Dis
05-23 14:43 root         INFO     386.21 s, Nc is 1...
05-23 14:43 root         INFO     386.22 s, AC: 1.000000, NMI: inf
05-23 14:43 root         INFO     386.23 s, Finished the calculation of W, sigma:0.000000
05-23 14:43 root         INFO     386.23 s, Calculating A..., i: 0
05-23 14:43 root         INFO     386.23 s, Calculation of A based on clusters is completed
05-23 14:43 root         INFO     387.89 s, AC: 0.001739, NMI: -inf
